<?xml version="1.0" encoding="UTF-8"?>
<testsuite name="TestSuite" time="10.204" tests="1" errors="0" skipped="0" failures="1">
  <properties>
    <property name="java.vendor" value="Oracle Corporation"/>
    <property name="JOB_NAME" value="GitText1"/>
    <property name="RUN_TESTS_DISPLAY_URL" value="http://localhost:8080/job/GitText1/11/display/redirect?page=tests"/>
    <property name="sun.java.launcher" value="SUN_STANDARD"/>
    <property name="NUMBER_OF_PROCESSORS" value="4"/>
    <property name="sun.management.compiler" value="HotSpot 64-Bit Tiered Compilers"/>
    <property name="JENKINS_HOME" value="C:\Users\prasa\.jenkins"/>
    <property name="HUDSON_SERVER_COOKIE" value="e26b071da288ad81"/>
    <property name="POM_ARTIFACTID" value="gitText"/>
    <property name="os.name" value="Windows 10"/>
    <property name="sun.boot.class.path" value="C:\Program Files\Java\jdk1.8.0_291\jre\lib\resources.jar;C:\Program Files\Java\jdk1.8.0_291\jre\lib\rt.jar;C:\Program Files\Java\jdk1.8.0_291\jre\lib\sunrsasign.jar;C:\Program Files\Java\jdk1.8.0_291\jre\lib\jsse.jar;C:\Program Files\Java\jdk1.8.0_291\jre\lib\jce.jar;C:\Program Files\Java\jdk1.8.0_291\jre\lib\charsets.jar;C:\Program Files\Java\jdk1.8.0_291\jre\lib\jfr.jar;C:\Program Files\Java\jdk1.8.0_291\jre\classes"/>
    <property name="EXECUTOR_NUMBER" value="0"/>
    <property name="sun.desktop" value="windows"/>
    <property name="PATHEXT" value=".COM;.EXE;.BAT;.CMD;.VBS;.VBE;.JS;.JSE;.WSF;.WSH;.MSC"/>
    <property name="java.vm.specification.vendor" value="Oracle Corporation"/>
    <property name="POM_DISPLAYNAME" value="gitText"/>
    <property name="M2E" value="C:\maven\apache-maven-3.3.9"/>
    <property name="NODE_LABELS" value="built-in"/>
    <property name="TEMP" value="C:\Users\prasa\AppData\Local\Temp"/>
    <property name="java.runtime.version" value="1.8.0_291-b10"/>
    <property name="suiteXmlFile" value="suit.xml"/>
    <property name="user.name" value="prasa"/>
    <property name="guice.disable.misplaced.annotation.check" value="true"/>
    <property name="CommonProgramW6432" value="C:\Program Files\Common Files"/>
    <property name="ProgramFiles" value="C:\Program Files"/>
    <property name="PROMPT" value="$P$G"/>
    <property name="user.language" value="en"/>
    <property name="JOB_BASE_NAME" value="GitText1"/>
    <property name="RUN_CHANGES_DISPLAY_URL" value="http://localhost:8080/job/GitText1/11/display/redirect?page=changes"/>
    <property name="BUILD_DISPLAY_NAME" value="#11"/>
    <property name="OneDrive" value="C:\Users\prasa\OneDrive"/>
    <property name="sun.boot.library.path" value="C:\Program Files\Java\jdk1.8.0_291\jre\bin"/>
    <property name="LOCALAPPDATA" value="C:\Users\prasa\AppData\Local"/>
    <property name="java.version" value="1.8.0_291"/>
    <property name="PROCESSOR_LEVEL" value="6"/>
    <property name="SUITE" value="suit.xml"/>
    <property name="user.timezone" value="Asia/Calcutta"/>
    <property name="USERNAME" value="prasa"/>
    <property name="sun.arch.data.model" value="64"/>
    <property name="NODE_NAME" value="built-in"/>
    <property name="OneDriveConsumer" value="C:\Users\prasa\OneDrive"/>
    <property name="java.endorsed.dirs" value="C:\Program Files\Java\jdk1.8.0_291\jre\lib\endorsed"/>
    <property name="BUILD_ID" value="11"/>
    <property name="sun.cpu.isalist" value="amd64"/>
    <property name="sun.jnu.encoding" value="Cp1252"/>
    <property name="file.encoding.pkg" value="sun.io"/>
    <property name="file.separator" value="\"/>
    <property name="java.specification.name" value="Java Platform API Specification"/>
    <property name="HOMEDRIVE" value="C:"/>
    <property name="java.class.version" value="52.0"/>
    <property name="=::" value="::\"/>
    <property name="org.slf4j.simpleLogger.defaultLogLevel" value="info"/>
    <property name="user.country" value="IN"/>
    <property name="ALLUSERSPROFILE" value="C:\ProgramData"/>
    <property name="java.home" value="C:\Program Files\Java\jdk1.8.0_291\jre"/>
    <property name="java.vm.info" value="mixed mode"/>
    <property name="os.version" value="10.0"/>
    <property name="RUN_DISPLAY_URL" value="http://localhost:8080/job/GitText1/11/display/redirect"/>
    <property name="POM_VERSION" value="0.0.1-SNAPSHOT"/>
    <property name="TMP" value="C:\Users\prasa\AppData\Local\Temp"/>
    <property name="RUN_ARTIFACTS_DISPLAY_URL" value="http://localhost:8080/job/GitText1/11/display/redirect?page=artifacts"/>
    <property name="path.separator" value=";"/>
    <property name="java.vm.version" value="25.291-b10"/>
    <property name="user.variant" value=""/>
    <property name="JOB_DISPLAY_URL" value="http://localhost:8080/job/GitText1/display/redirect"/>
    <property name="CommonProgramFiles(x86)" value="C:\Program Files (x86)\Common Files"/>
    <property name="USERDOMAIN_ROAMINGPROFILE" value="TIMON-LAPTOP"/>
    <property name="java.awt.printerjob" value="sun.awt.windows.WPrinterJob"/>
    <property name="JAVA_HOME" value="C:\Program Files\Java\jdk1.8.0_291"/>
    <property name="sun.io.unicode.encoding" value="UnicodeLittle"/>
    <property name="CommonProgramFiles" value="C:\Program Files\Common Files"/>
    <property name="ComSpec" value="C:\WINDOWS\system32\cmd.exe"/>
    <property name="awt.toolkit" value="sun.awt.windows.WToolkit"/>
    <property name="HOMEPATH" value="\Users\prasa"/>
    <property name="POM_PACKAGING" value="jar"/>
    <property name="user.script" value=""/>
    <property name="COMPUTERNAME" value="TIMON-LAPTOP"/>
    <property name="POM_GROUPID" value="com.vecntry"/>
    <property name="user.home" value="C:\Users\prasa"/>
    <property name="PUBLIC" value="C:\Users\Public"/>
    <property name="BUILD_TAG" value="jenkins-GitText1-11"/>
    <property name="JENKINS_SERVER_COOKIE" value="e26b071da288ad81"/>
    <property name="HUDSON_URL" value="http://localhost:8080/"/>
    <property name="ProgramData" value="C:\ProgramData"/>
    <property name="java.specification.vendor" value="Oracle Corporation"/>
    <property name="USERPROFILE" value="C:\Users\prasa"/>
    <property name="CLASSPATH" value=""/>
    <property name="java.vendor.url" value="http://java.oracle.com/"/>
    <property name="java.library.path" value="C:\Program Files\Java\jdk1.8.0_291\bin;C:\WINDOWS\Sun\Java\bin;C:\WINDOWS\system32;C:\WINDOWS;C:\maven\apache-maven-3.3.9/bin;C:\Program Files\Java\jdk1.8.0_291/bin;C:\Program Files\Java\jdk1.8.0_291/bin;C:\maven\apache-maven-3.3.9\bin;C:\Program Files\Java\jre1.8.0_291\bin;C:\Program Files\Java\jdk1.8.0_291\bin;C:\Program Files (x86)\Common Files\Oracle\Java\javapath;C:\WINDOWS\system32;C:\WINDOWS;C:\WINDOWS\System32\Wbem;C:\WINDOWS\System32\WindowsPowerShell\v1.0\;C:\WINDOWS\System32\OpenSSH\;C:\Program Files\nodejs\;C:\Program Files\Git\cmd;C:\Users\prasa\AppData\Local\Microsoft\WindowsApps;;C:\Users\prasa\AppData\Local\Programs\Microsoft VS Code\bin;C:\Users\prasa\AppData\Roaming\npm;."/>
    <property name="java.vm.vendor" value="Oracle Corporation"/>
    <property name="APPDATA" value="C:\Users\prasa\AppData\Roaming"/>
    <property name="ZES_ENABLE_SYSMAN" value="1"/>
    <property name="java.runtime.name" value="Java(TM) SE Runtime Environment"/>
    <property name="maven.home" value="C:\maven\apache-maven-3.3.9"/>
    <property name="java.class.path" value="C:\Users\prasa\.jenkins\plugins\maven-plugin\WEB-INF\lib\maven33-agent-1.13.jar;C:\maven\apache-maven-3.3.9\boot\plexus-classworlds-2.5.2.jar;C:\maven\apache-maven-3.3.9/conf/logging"/>
    <property name="sun.java.command" value="jenkins.maven3.agent.Maven33Main C:\maven\apache-maven-3.3.9 C:\Users\prasa\.jenkins\war\WEB-INF\lib\remoting-4.12.jar C:\Users\prasa\.jenkins\plugins\maven-plugin\WEB-INF\lib\maven33-interceptor-1.13.jar C:\Users\prasa\.jenkins\plugins\maven-plugin\WEB-INF\lib\maven3-interceptor-commons-1.13.jar 58591"/>
    <property name="Path" value="C:\Program Files\Java\jdk1.8.0_291/bin;C:\maven\apache-maven-3.3.9\bin;C:\Program Files\Java\jre1.8.0_291\bin;C:\Program Files\Java\jdk1.8.0_291\bin;C:\Program Files (x86)\Common Files\Oracle\Java\javapath;C:\WINDOWS\system32;C:\WINDOWS;C:\WINDOWS\System32\Wbem;C:\WINDOWS\System32\WindowsPowerShell\v1.0\;C:\WINDOWS\System32\OpenSSH\;C:\Program Files\nodejs\;C:\Program Files\Git\cmd;C:\Users\prasa\AppData\Local\Microsoft\WindowsApps;;C:\Users\prasa\AppData\Local\Programs\Microsoft VS Code\bin;C:\Users\prasa\AppData\Roaming\npm"/>
    <property name="java.vm.specification.name" value="Java Virtual Machine Specification"/>
    <property name="PROCESSOR_ARCHITECTURE" value="AMD64"/>
    <property name="PATH+JDK" value="C:\Program Files\Java\jdk1.8.0_291/bin"/>
    <property name="PROCESSOR_IDENTIFIER" value="Intel64 Family 6 Model 140 Stepping 1, GenuineIntel"/>
    <property name="SESSIONNAME" value="Console"/>
    <property name="java.vm.specification.version" value="1.8"/>
    <property name="sun.os.patch.level" value=""/>
    <property name="sun.cpu.endian" value="little"/>
    <property name="M2_HOME" value="C:\maven\apache-maven-3.3.9"/>
    <property name="java.io.tmpdir" value="C:\Users\prasa\AppData\Local\Temp\"/>
    <property name="CI" value="true"/>
    <property name="OS" value="Windows_NT"/>
    <property name="HUDSON_HOME" value="C:\Users\prasa\.jenkins"/>
    <property name="PATH+MAVEN" value="C:\maven\apache-maven-3.3.9/bin"/>
    <property name="ProgramFiles(x86)" value="C:\Program Files (x86)"/>
    <property name="BUILD_URL" value="http://localhost:8080/job/GitText1/11/"/>
    <property name="java.vendor.url.bug" value="http://bugreport.sun.com/bugreport/"/>
    <property name="java.awt.graphicsenv" value="sun.awt.Win32GraphicsEnvironment"/>
    <property name="os.arch" value="amd64"/>
    <property name="SystemRoot" value="C:\WINDOWS"/>
    <property name="java.ext.dirs" value="C:\Program Files\Java\jdk1.8.0_291\jre\lib\ext;C:\WINDOWS\Sun\Java\lib\ext"/>
    <property name="user.dir" value="C:\Users\prasa\eclipse-workspace\gitText"/>
    <property name="JOB_URL" value="http://localhost:8080/job/GitText1/"/>
    <property name="LOGONSERVER" value="\\TIMON-LAPTOP"/>
    <property name="USERDOMAIN" value="TIMON-LAPTOP"/>
    <property name="line.separator" value="&#10;"/>
    <property name="MAVEN_HOME" value="C:\maven\apache-maven-3.3.9"/>
    <property name="java.vm.name" value="Java HotSpot(TM) 64-Bit Server VM"/>
    <property name="BUILD_NUMBER" value="11"/>
    <property name="JENKINS_URL" value="http://localhost:8080/"/>
    <property name="PROCESSOR_REVISION" value="8c01"/>
    <property name="ProgramW6432" value="C:\Program Files"/>
    <property name="windir" value="C:\WINDOWS"/>
    <property name="=C:" value="C:\jenkins"/>
    <property name="file.encoding" value="Cp1252"/>
    <property name="SystemDrive" value="C:"/>
    <property name="maven3.interceptor" value="C:\Users\prasa\.jenkins\plugins\maven-plugin\WEB-INF\lib\maven33-interceptor-1.13.jar"/>
    <property name="WORKSPACE_TMP" value="C:\Users\prasa\.jenkins\workspace\GitText1@tmp"/>
    <property name="WORKSPACE" value="C:\Users\prasa\.jenkins\workspace\GitText1"/>
    <property name="JAVA-HOME" value="C:\Program Files\Java\jdk1.8.0_291"/>
    <property name="maven3.interceptor.common" value="C:\Users\prasa\.jenkins\plugins\maven-plugin\WEB-INF\lib\maven3-interceptor-commons-1.13.jar"/>
    <property name="java.specification.version" value="1.8"/>
    <property name="PSModulePath" value="C:\Program Files\WindowsPowerShell\Modules;C:\WINDOWS\system32\WindowsPowerShell\v1.0\Modules"/>
    <property name="DriverData" value="C:\Windows\System32\Drivers\DriverData"/>
  </properties>
  <testcase name="screenshot" classname="sampletext.SampleText" time="10.204">
    <failure message="/ by zero" type="java.lang.ArithmeticException">java.lang.ArithmeticException: / by zero
	at sampletext.SampleText.screenshot(SampleText.java:30)
</failure>
    <system-err><![CDATA[SLF4J: Failed to load class "org.slf4j.impl.StaticLoggerBinder".
SLF4J: Defaulting to no-operation (NOP) logger implementation
SLF4J: See http://www.slf4j.org/codes.html#StaticLoggerBinder for further details.
Starting ChromeDriver 100.0.4896.60 (6a5d10861ce8de5fce22564658033b43cb7de047-refs/branch-heads/4896@{#875}) on port 57435
Only local connections are allowed.
Please see https://chromedriver.chromium.org/security-considerations for suggestions on keeping ChromeDriver safe.
ChromeDriver was started successfully.
Apr 08, 2022 8:48:41 AM org.openqa.selenium.remote.ProtocolHandshake createSession
INFO: Detected dialect: W3C
Apr 08, 2022 8:48:41 AM org.openqa.selenium.devtools.CdpVersionFinder findNearestMatch
WARNING: Unable to find an exact match for CDP version 100, so returning the closest version found: 97
Apr 08, 2022 8:48:41 AM org.openqa.selenium.devtools.CdpVersionFinder findNearestMatch
INFO: Found CDP implementation for version 100 of 97
]]></system-err>
  </testcase>
</testsuite>