<?xml version="1.0" encoding="UTF-8"?>
<!-- Generated by org.testng.reporters.JUnitReportReporter -->
<testsuite skipped="0" hostname="TIMON-LAPTOP" name="sampletext.SampleText" tests="1" failures="0" timestamp="07 Apr 2022 04:03:41 GMT" time="13.694" errors="0">
  <testcase name="screenshot" time="13.694" classname="sampletext.SampleText"/>
</testsuite> <!-- sampletext.SampleText -->
